# JRE version: Java(TM) SE Runtime Environment 18.9 (11.0.14+8) (build 11.0.14+8-LTS-263)
# Java VM: Java HotSpot(TM) 64-Bit Server VM 18.9 (11.0.14+8-LTS-263, mixed mode, tiered, compressed oops, g1 gc, bsd-amd64)
Heap:
 garbage-first heap   total 355328K, used 214742K [0x00000007a0000000, 0x0000000800000000)
  region size 1024K, 70 young (71680K), 1 survivors (1024K)
 Metaspace       used 255604K, capacity 275504K, committed 276128K, reserved 1277952K
  class space    used 38074K, capacity 48322K, committed 48556K, reserved 1048576K
GC Heap History (10 events):
Event: 294242.911 GC heap before
{Heap before GC invocations=194 (full 0):
 garbage-first heap   total 355328K, used 210467K [0x00000007a0000000, 0x0000000800000000)
  region size 1024K, 65 young (66560K), 1 survivors (1024K)
 Metaspace       used 255600K, capacity 275504K, committed 276128K, reserved 1277952K
  class space    used 38074K, capacity 48322K, committed 48556K, reserved 1048576K
}
Event: 294243.049 GC heap after
{Heap after GC invocations=195 (full 0):
 garbage-first heap   total 355328K, used 144931K [0x00000007a0000000, 0x0000000800000000)
  region size 1024K, 1 young (1024K), 1 survivors (1024K)
 Metaspace       used 255600K, capacity 275504K, committed 276128K, reserved 1277952K
  class space    used 38074K, capacity 48322K, committed 48556K, reserved 1048576K
}
Event: 305013.005 GC heap before
{Heap before GC invocations=195 (full 0):
 garbage-first heap   total 355328K, used 217635K [0x00000007a0000000, 0x0000000800000000)
  region size 1024K, 72 young (73728K), 1 survivors (1024K)
 Metaspace       used 255600K, capacity 275504K, committed 276128K, reserved 1277952K
  class space    used 38074K, capacity 48322K, committed 48556K, reserved 1048576K
}
Event: 305013.105 GC heap after
{Heap after GC invocations=196 (full 0):
 garbage-first heap   total 355328K, used 144922K [0x00000007a0000000, 0x0000000800000000)
  region size 1024K, 1 young (1024K), 1 survivors (1024K)
 Metaspace       used 255600K, capacity 275504K, committed 276128K, reserved 1277952K
  class space    used 38074K, capacity 48322K, committed 48556K, reserved 1048576K
}
Event: 317012.912 GC heap before
{Heap before GC invocations=197 (full 0):
 garbage-first heap   total 355328K, used 225818K [0x00000007a0000000, 0x0000000800000000)
  region size 1024K, 80 young (81920K), 1 survivors (1024K)
 Metaspace       used 255600K, capacity 275504K, committed 276128K, reserved 1277952K
  class space    used 38074K, capacity 48322K, committed 48556K, reserved 1048576K
}
Event: 317013.101 GC heap after
{Heap after GC invocations=198 (full 0):
 garbage-first heap   total 355328K, used 144940K [0x00000007a0000000, 0x0000000800000000)
  region size 1024K, 1 young (1024K), 1 survivors (1024K)
 Metaspace       used 255600K, capacity 275504K, committed 276128K, reserved 1277952K
  class space    used 38074K, capacity 48322K, committed 48556K, reserved 1048576K
}
Event: 326266.956 GC heap before
{Heap before GC invocations=198 (full 0):
 garbage-first heap   total 355328K, used 231980K [0x00000007a0000000, 0x0000000800000000)
  region size 1024K, 86 young (88064K), 1 survivors (1024K)
 Metaspace       used 255604K, capacity 275504K, committed 276128K, reserved 1277952K
  class space    used 38074K, capacity 48322K, committed 48556K, reserved 1048576K
}
Event: 326267.243 GC heap after
{Heap after GC invocations=199 (full 0):
 garbage-first heap   total 355328K, used 145129K [0x00000007a0000000, 0x0000000800000000)
  region size 1024K, 1 young (1024K), 1 survivors (1024K)
 Metaspace       used 255604K, capacity 275504K, committed 276128K, reserved 1277952K
  class space    used 38074K, capacity 48322K, committed 48556K, reserved 1048576K
}
Event: 336614.133 GC heap before
{Heap before GC invocations=200 (full 0):
 garbage-first heap   total 355328K, used 214761K [0x00000007a0000000, 0x0000000800000000)
  region size 1024K, 69 young (70656K), 1 survivors (1024K)
 Metaspace       used 255604K, capacity 275504K, committed 276128K, reserved 1277952K
  class space    used 38074K, capacity 48322K, committed 48556K, reserved 1048576K
}
Event: 336614.298 GC heap after
{Heap after GC invocations=201 (full 0):
 garbage-first heap   total 355328K, used 145110K [0x00000007a0000000, 0x0000000800000000)
  region size 1024K, 1 young (1024K), 1 survivors (1024K)
 Metaspace       used 255604K, capacity 275504K, committed 276128K, reserved 1277952K
  class space    used 38074K, capacity 48322K, committed 48556K, reserved 1048576K
}

